c:\users\owner\downloads\clientbackend-projectiv-updated\clientbackend-projectiv-updated\clientbackend-projectiv\x64\debug\vc143.pdb
c:\users\owner\downloads\clientbackend-projectiv-updated\clientbackend-projectiv-updated\clientbackend-projectiv\x64\debug\vc143.idb
c:\users\owner\downloads\clientbackend-projectiv-updated\clientbackend-projectiv-updated\clientbackend-projectiv\x64\debug\clientbackend-projectiv.obj
c:\users\owner\downloads\clientbackend-projectiv-updated\clientbackend-projectiv-updated\clientbackend-projectiv\x64\debug\userprofile.obj
c:\users\owner\downloads\clientbackend-projectiv-updated\clientbackend-projectiv-updated\clientbackend-projectiv\x64\debug\provinceenum.obj
c:\users\owner\downloads\clientbackend-projectiv-updated\clientbackend-projectiv-updated\clientbackend-projectiv\x64\debug\petseller.obj
c:\users\owner\downloads\clientbackend-projectiv-updated\clientbackend-projectiv-updated\clientbackend-projectiv\x64\debug\petpost.obj
c:\users\owner\downloads\clientbackend-projectiv-updated\clientbackend-projectiv-updated\clientbackend-projectiv\x64\debug\petadopter.obj
c:\users\owner\downloads\clientbackend-projectiv-updated\clientbackend-projectiv-updated\clientbackend-projectiv\x64\debug\login.obj
c:\users\owner\downloads\clientbackend-projectiv-updated\clientbackend-projectiv-updated\x64\debug\clientbackend-projectiv.exe
c:\users\owner\downloads\clientbackend-projectiv-updated\clientbackend-projectiv-updated\x64\debug\clientbackend-projectiv.pdb
c:\users\owner\downloads\clientbackend-projectiv-updated\clientbackend-projectiv-updated\clientbackend-projectiv\x64\debug\clientbackend-projectiv.ilk
c:\users\owner\downloads\clientbackend-projectiv-updated\clientbackend-projectiv-updated\clientbackend-projectiv\x64\debug\clientba.21ea4b54.tlog\cl.command.1.tlog
c:\users\owner\downloads\clientbackend-projectiv-updated\clientbackend-projectiv-updated\clientbackend-projectiv\x64\debug\clientba.21ea4b54.tlog\cl.items.tlog
c:\users\owner\downloads\clientbackend-projectiv-updated\clientbackend-projectiv-updated\clientbackend-projectiv\x64\debug\clientba.21ea4b54.tlog\cl.read.1.tlog
c:\users\owner\downloads\clientbackend-projectiv-updated\clientbackend-projectiv-updated\clientbackend-projectiv\x64\debug\clientba.21ea4b54.tlog\cl.write.1.tlog
c:\users\owner\downloads\clientbackend-projectiv-updated\clientbackend-projectiv-updated\clientbackend-projectiv\x64\debug\clientba.21ea4b54.tlog\link.command.1.tlog
c:\users\owner\downloads\clientbackend-projectiv-updated\clientbackend-projectiv-updated\clientbackend-projectiv\x64\debug\clientba.21ea4b54.tlog\link.read.1.tlog
c:\users\owner\downloads\clientbackend-projectiv-updated\clientbackend-projectiv-updated\clientbackend-projectiv\x64\debug\clientba.21ea4b54.tlog\link.secondary.1.tlog
c:\users\owner\downloads\clientbackend-projectiv-updated\clientbackend-projectiv-updated\clientbackend-projectiv\x64\debug\clientba.21ea4b54.tlog\link.write.1.tlog
